<?xml version="1.0" encoding="UTF-8"?>
<!-- Generated by org.testng.reporters.JUnitReportReporter -->
<testsuite hostname="KARTIK-LENOVO" failures="0" tests="1" name="demo.DemoTest" time="10.038" errors="0" timestamp="2022-02-10T09:47:31 IST" skipped="0">
  <testcase classname="demo.DemoTest" name="LaunchBrowser" time="10.038"/>
  <system-out/>
</testsuite> <!-- demo.DemoTest -->
